# V2FREE 自动签到脚本 版本: 1.0
[2023-10-25 13:05:48,163] [INFO] a*******@d***.com 获得了 390MB 流量.
[2023-10-26 03:15:22,366] [INFO] n*********@h****.com 获得了 404MB 流量.
[2023-10-26 03:15:23,903] [INFO] k*********@h****.com 获得了 375MB 流量.
[2023-10-26 03:15:25,439] [INFO] h**@a***********.org 获得了 449MB 流量.
[2023-10-26 03:15:26,997] [INFO] v*******@d***.com 获得了 460MB 流量.
[2023-10-26 03:15:28,542] [INFO] a*******@d***.com 获得了 306MB 流量.
[2023-10-27 03:15:19,760] [INFO] n*********@h****.com 获得了 475MB 流量.
[2023-10-27 03:15:20,954] [INFO] k*********@h****.com 获得了 451MB 流量.
[2023-10-27 03:15:22,160] [INFO] h**@a***********.org 获得了 357MB 流量.
[2023-10-27 03:15:23,554] [INFO] v*******@d***.com 获得了 459MB 流量.
[2023-10-27 03:15:24,948] [INFO] a*******@d***.com 获得了 430MB 流量.
[2023-10-28 03:15:08,756] [INFO] n*********@h****.com 获得了 375MB 流量.
[2023-10-28 03:15:10,239] [INFO] k*********@h****.com 获得了 460MB 流量.
[2023-10-28 03:15:11,472] [INFO] h**@a***********.org 获得了 337MB 流量.
[2023-10-28 03:15:12,721] [INFO] v*******@d***.com 获得了 455MB 流量.
[2023-10-28 03:15:14,188] [INFO] a*******@d***.com 获得了 498MB 流量.
[2023-10-29 03:15:28,611] [INFO] n*********@h****.com 获得了 482MB 流量.
[2023-10-29 03:15:30,151] [INFO] k*********@h****.com 获得了 499MB 流量.
[2023-10-29 03:15:31,693] [INFO] h**@a***********.org 获得了 383MB 流量.
[2023-10-29 03:15:33,220] [INFO] v*******@d***.com 获得了 496MB 流量.
[2023-10-29 03:15:34,508] [INFO] a*******@d***.com 获得了 382MB 流量.
[2023-10-30 03:15:55,304] [INFO] n*********@h****.com 获得了 339MB 流量.
[2023-10-30 03:15:56,854] [INFO] k*********@h****.com 获得了 490MB 流量.
[2023-10-30 03:15:58,372] [INFO] h**@a***********.org 获得了 460MB 流量.
[2023-10-30 03:15:59,914] [INFO] v*******@d***.com 获得了 414MB 流量.
[2023-10-30 03:16:01,443] [INFO] a*******@d***.com 获得了 412MB 流量.
[2023-10-31 03:15:47,896] [INFO] n*********@h****.com 获得了 306MB 流量.
[2023-10-31 03:15:49,299] [INFO] k*********@h****.com 获得了 449MB 流量.
[2023-10-31 03:15:50,532] [INFO] h**@a***********.org 获得了 318MB 流量.
[2023-10-31 03:15:51,962] [INFO] v*******@d***.com 获得了 310MB 流量.
[2023-10-31 03:15:53,418] [INFO] a*******@d***.com 获得了 483MB 流量.
[2023-11-01 03:16:05,627] [INFO] n*********@h****.com 获得了 434MB 流量.
[2023-11-01 03:16:06,961] [INFO] k*********@h****.com 获得了 301MB 流量.
[2023-11-01 03:16:08,480] [INFO] h**@a***********.org 获得了 499MB 流量.
[2023-11-01 03:16:09,777] [INFO] v*******@d***.com 获得了 400MB 流量.
[2023-11-01 03:16:11,070] [INFO] a*******@d***.com 获得了 358MB 流量.
[2023-11-02 03:15:59,500] [INFO] n*********@h****.com 获得了 394MB 流量.
[2023-11-02 03:16:01,381] [INFO] k*********@h****.com 获得了 489MB 流量.
[2023-11-02 03:16:03,267] [INFO] h**@a***********.org 获得了 302MB 流量.
[2023-11-02 03:16:05,218] [INFO] v*******@d***.com 获得了 387MB 流量.
[2023-11-02 03:16:06,914] [INFO] a*******@d***.com 获得了 435MB 流量.
[2023-11-03 03:15:39,846] [INFO] n*********@h****.com 获得了 466MB 流量.
[2023-11-03 03:15:41,355] [INFO] k*********@h****.com 获得了 402MB 流量.
[2023-11-03 03:15:42,890] [INFO] h**@a***********.org 获得了 439MB 流量.
[2023-11-03 03:15:44,183] [INFO] v*******@d***.com 获得了 468MB 流量.
[2023-11-03 03:15:45,688] [INFO] a*******@d***.com 获得了 321MB 流量.
[2023-11-04 03:15:24,687] [INFO] n*********@h****.com 获得了 401MB 流量.
[2023-11-04 03:15:26,266] [INFO] k*********@h****.com 获得了 433MB 流量.
[2023-11-04 03:15:27,840] [INFO] h**@a***********.org 获得了 461MB 流量.
[2023-11-04 03:15:29,455] [INFO] v*******@d***.com 获得了 496MB 流量.
[2023-11-04 03:15:31,020] [INFO] a*******@d***.com 获得了 435MB 流量.
[2023-11-05 03:17:40,649] [INFO] n*********@h****.com 获得了 385MB 流量.
[2023-11-05 03:17:42,064] [INFO] k*********@h****.com 获得了 494MB 流量.
[2023-11-05 03:17:43,487] [INFO] h**@a***********.org 获得了 491MB 流量.
[2023-11-05 03:17:44,734] [INFO] v*******@d***.com 获得了 336MB 流量.
[2023-11-05 03:17:46,162] [INFO] a*******@d***.com 获得了 426MB 流量.
[2023-11-06 03:16:04,936] [INFO] n*********@h****.com 获得了 444MB 流量.
[2023-11-06 03:16:06,456] [INFO] k*********@h****.com 获得了 429MB 流量.
[2023-11-06 03:16:07,753] [INFO] h**@a***********.org 获得了 350MB 流量.
[2023-11-06 03:16:09,323] [INFO] v*******@d***.com 获得了 378MB 流量.
[2023-11-06 03:16:11,909] [INFO] a*******@d***.com 获得了 381MB 流量.
[2023-11-07 03:15:55,392] [INFO] n*********@h****.com 获得了 320MB 流量.
[2023-11-07 03:15:57,021] [INFO] k*********@h****.com 获得了 363MB 流量.
[2023-11-07 03:15:58,622] [INFO] h**@a***********.org 获得了 465MB 流量.
[2023-11-07 03:16:00,360] [INFO] v*******@d***.com 获得了 429MB 流量.
[2023-11-07 03:16:02,342] [INFO] a*******@d***.com 获得了 306MB 流量.
